iMPACT Version: 10.1.03

iMPACT log file Started on Sun Aug 23 21:27:22 2015

// *** BATCH CMD : setMode -bs
// *** BATCH CMD : setMode -bs
GUI --- Auto connect to cable...
// *** BATCH CMD : setCable -port auto
AutoDetecting cable. Please wait.
PROGRESS_START - Starting Operation.
Reusing 78010001 key.
Reusing FC010001 key.
 OS platform = i686.
Connecting to cable (Parallel Port - parport0).
 libusb-driver.so version: 2015-03-08 19:26:42.
 parport0: baseAddress=0x0, ecpAddress=0x400
 LPT1 Base Address set from env variable = 0.
 LPT base address = 0000h.
 LPT1 Ecp Address set from env variable = 400.
 ECP base address = 0400h.
Cable connection failed.
Reusing 79010001 key.
Reusing FD010001 key.
 OS platform = i686.
Connecting to cable (Parallel Port - parport1).
 libusb-driver.so version: 2015-03-08 19:26:42.
Cable connection failed.
Reusing 7A010001 key.
Reusing FE010001 key.
 OS platform = i686.
Connecting to cable (Parallel Port - parport2).
 libusb-driver.so version: 2015-03-08 19:26:42.
Cable connection failed.
Reusing 7B010001 key.
Reusing FF010001 key.
 OS platform = i686.
Connecting to cable (Parallel Port - parport3).
 libusb-driver.so version: 2015-03-08 19:26:42.
Cable connection failed.
Reusing A0010001 key.
Reusing 24010001 key.
 OS platform = i686.
 Using libusb.
Connecting to cable (Usb Port - USB21).
Checking cable driver.
File version of /opt/Xilinx/10.1/ISE/bin/lin/xusbdfwu.hex = 1030.
File version of /etc/hotplug/usb/xusbdfwu.fw/xusbdfwu.hex = 1030.
 Using libusb.
 Max current requested during enumeration is 280 mA.
Type = 0x0605.
 Cable Type = 3, Revision = 0.
 Setting cable speed to 6 MHz.
Cable connection established.
Firmware version = 1100.
File version of /opt/Xilinx/10.1/ISE/data/xusbdfwu.hex = 1100.
Firmware hex file version = 1100.
PLD file version = 0012h.
 PLD version = 0012h.
PROGRESS_END - End Operation.
Elapsed time =      0 sec.
Attempting to identify devices in the boundary-scan chain configuration...// *** BATCH CMD : Identify 
PROGRESS_START - Starting Operation.
Identifying chain contents ....'1': : Manufacturer's ID =Xilinx xcv300e, Version : 9
INFO:iMPACT:1777 - 
   Reading /opt/Xilinx/10.1/ISE/virtexe/data/xcv300e.bsd...
INFO:iMPACT:501 - '1': Added Device xcv300e successfully.
----------------------------------------------------------------------
----------------------------------------------------------------------
done.
PROGRESS_END - End Operation.
Elapsed time =      0 sec.
// *** BATCH CMD : identifyMPM 
Checking for System Ace MPM device...
Maximum TCK operating frequency for this device chain: 33000000.
Validating chain...
Boundary-scan chain validated successfully.
'1': Usercode is 'ffffffff'
